{"/Users/stuntfan/Dev/EDA/Post_EDA/todo-full-stack/client/actions/index.js": {"path":"/Users/stuntfan/Dev/EDA/Post_EDA/todo-full-stack/client/actions/index.js","statementMap":{"0":{"start":{"line":1,"column":25},"end":{"line":1,"column":36}},"1":{"start":{"line":2,"column":24},"end":{"line":2,"column":34}},"2":{"start":{"line":3,"column":24},"end":{"line":3,"column":34}},"3":{"start":{"line":4,"column":27},"end":{"line":4,"column":40}},"4":{"start":{"line":7,"column":2},"end":{"line":10,"column":3}},"5":{"start":{"line":13,"column":2},"end":{"line":16,"column":3}},"6":{"start":{"line":20,"column":2},"end":{"line":23,"column":3}},"7":{"start":{"line":27,"column":2},"end":{"line":27,"column":19}},"8":{"start":{"line":28,"column":2},"end":{"line":31,"column":3}}},"fnMap":{"0":{"name":"initTask","decl":{"start":{"line":6,"column":16},"end":{"line":6,"column":24}},"loc":{"start":{"line":6,"column":32},"end":{"line":11,"column":1}},"line":6},"1":{"name":"addTask","decl":{"start":{"line":12,"column":16},"end":{"line":12,"column":23}},"loc":{"start":{"line":12,"column":31},"end":{"line":17,"column":1}},"line":12},"2":{"name":"deleteTask","decl":{"start":{"line":19,"column":16},"end":{"line":19,"column":26}},"loc":{"start":{"line":19,"column":32},"end":{"line":24,"column":1}},"line":19},"3":{"name":"updateTask","decl":{"start":{"line":26,"column":16},"end":{"line":26,"column":26}},"loc":{"start":{"line":26,"column":34},"end":{"line":32,"column":1}},"line":26}},"branchMap":{},"s":{"0":2,"1":2,"2":2,"3":2,"4":0,"5":1,"6":0,"7":1,"8":1},"f":{"0":0,"1":1,"2":0,"3":1},"b":{},"_coverageSchema":"1a1c01bbd47fc00a2c39e90264f33305004495a9","hash":"5c5ffb996334c9d273d4cd6a641ac2f844fa05bb"}
,"/Users/stuntfan/Dev/EDA/Post_EDA/todo-full-stack/client/apis/index.js": {"path":"/Users/stuntfan/Dev/EDA/Post_EDA/todo-full-stack/client/apis/index.js","statementMap":{"0":{"start":{"line":3,"column":16},"end":{"line":3,"column":27}},"1":{"start":{"line":6,"column":2},"end":{"line":8,"column":36}},"2":{"start":{"line":8,"column":22},"end":{"line":8,"column":35}},"3":{"start":{"line":12,"column":2},"end":{"line":15,"column":39}},"4":{"start":{"line":15,"column":22},"end":{"line":15,"column":38}},"5":{"start":{"line":19,"column":2},"end":{"line":21,"column":36}},"6":{"start":{"line":21,"column":22},"end":{"line":21,"column":35}},"7":{"start":{"line":25,"column":2},"end":{"line":28,"column":39}},"8":{"start":{"line":28,"column":22},"end":{"line":28,"column":38}}},"fnMap":{"0":{"name":"getAllTasks","decl":{"start":{"line":5,"column":16},"end":{"line":5,"column":27}},"loc":{"start":{"line":5,"column":31},"end":{"line":9,"column":1}},"line":5},"1":{"name":"(anonymous_1)","decl":{"start":{"line":8,"column":10},"end":{"line":8,"column":11}},"loc":{"start":{"line":8,"column":22},"end":{"line":8,"column":35}},"line":8},"2":{"name":"apiAddTask","decl":{"start":{"line":11,"column":16},"end":{"line":11,"column":26}},"loc":{"start":{"line":11,"column":34},"end":{"line":16,"column":1}},"line":11},"3":{"name":"(anonymous_3)","decl":{"start":{"line":15,"column":10},"end":{"line":15,"column":11}},"loc":{"start":{"line":15,"column":22},"end":{"line":15,"column":38}},"line":15},"4":{"name":"apiDeleteTask","decl":{"start":{"line":18,"column":16},"end":{"line":18,"column":29}},"loc":{"start":{"line":18,"column":35},"end":{"line":22,"column":1}},"line":18},"5":{"name":"(anonymous_5)","decl":{"start":{"line":21,"column":10},"end":{"line":21,"column":11}},"loc":{"start":{"line":21,"column":22},"end":{"line":21,"column":35}},"line":21},"6":{"name":"apiUpdateTask","decl":{"start":{"line":24,"column":16},"end":{"line":24,"column":29}},"loc":{"start":{"line":24,"column":41},"end":{"line":29,"column":1}},"line":24},"7":{"name":"(anonymous_7)","decl":{"start":{"line":28,"column":10},"end":{"line":28,"column":11}},"loc":{"start":{"line":28,"column":22},"end":{"line":28,"column":38}},"line":28}},"branchMap":{},"s":{"0":1,"1":1,"2":1,"3":1,"4":1,"5":0,"6":0,"7":0,"8":0},"f":{"0":1,"1":1,"2":1,"3":1,"4":0,"5":0,"6":0,"7":0},"b":{},"_coverageSchema":"1a1c01bbd47fc00a2c39e90264f33305004495a9","hash":"cbc0b63e94a07e47c29c0d9c178ce4fe4ad80140"}
,"/Users/stuntfan/Dev/EDA/Post_EDA/todo-full-stack/client/components/AddTodo.jsx": {"path":"/Users/stuntfan/Dev/EDA/Post_EDA/todo-full-stack/client/components/AddTodo.jsx","statementMap":{"0":{"start":{"line":8,"column":10},"end":{"line":10,"column":3}},"1":{"start":{"line":12,"column":17},"end":{"line":15,"column":3}},"2":{"start":{"line":14,"column":4},"end":{"line":14,"column":47}},"3":{"start":{"line":17,"column":17},"end":{"line":37,"column":3}},"4":{"start":{"line":18,"column":4},"end":{"line":18,"column":26}},"5":{"start":{"line":20,"column":4},"end":{"line":36,"column":8}},"6":{"start":{"line":24,"column":24},"end":{"line":27,"column":9}},"7":{"start":{"line":29,"column":8},"end":{"line":29,"column":45}},"8":{"start":{"line":31,"column":8},"end":{"line":31,"column":35}},"9":{"start":{"line":32,"column":8},"end":{"line":32,"column":19}},"10":{"start":{"line":35,"column":8},"end":{"line":35,"column":24}},"11":{"start":{"line":40,"column":4},"end":{"line":51,"column":5}}},"fnMap":{"0":{"name":"(anonymous_0)","decl":{"start":{"line":12,"column":17},"end":{"line":12,"column":18}},"loc":{"start":{"line":12,"column":28},"end":{"line":15,"column":3}},"line":12},"1":{"name":"(anonymous_1)","decl":{"start":{"line":17,"column":17},"end":{"line":17,"column":18}},"loc":{"start":{"line":17,"column":28},"end":{"line":37,"column":3}},"line":17},"2":{"name":"(anonymous_2)","decl":{"start":{"line":22,"column":12},"end":{"line":22,"column":13}},"loc":{"start":{"line":22,"column":20},"end":{"line":33,"column":7}},"line":22},"3":{"name":"(anonymous_3)","decl":{"start":{"line":34,"column":13},"end":{"line":34,"column":14}},"loc":{"start":{"line":34,"column":20},"end":{"line":36,"column":7}},"line":34},"4":{"name":"(anonymous_4)","decl":{"start":{"line":39,"column":2},"end":{"line":39,"column":3}},"loc":{"start":{"line":39,"column":12},"end":{"line":52,"column":3}},"line":39}},"branchMap":{},"s":{"0":1,"1":1,"2":1,"3":1,"4":1,"5":1,"6":1,"7":1,"8":1,"9":1,"10":0,"11":3},"f":{"0":1,"1":1,"2":1,"3":0,"4":3},"b":{},"_coverageSchema":"1a1c01bbd47fc00a2c39e90264f33305004495a9","hash":"4a5a2cca3272c50b91a9cdffa79d9c5729209d8c"}
,"/Users/stuntfan/Dev/EDA/Post_EDA/todo-full-stack/client/reducers/tasks.js": {"path":"/Users/stuntfan/Dev/EDA/Post_EDA/todo-full-stack/client/reducers/tasks.js","statementMap":{"0":{"start":{"line":3,"column":21},"end":{"line":3,"column":23}},"1":{"start":{"line":5,"column":16},"end":{"line":32,"column":1}},"2":{"start":{"line":6,"column":2},"end":{"line":31,"column":3}},"3":{"start":{"line":8,"column":6},"end":{"line":8,"column":24}},"4":{"start":{"line":11,"column":6},"end":{"line":11,"column":36}},"5":{"start":{"line":14,"column":6},"end":{"line":14,"column":58}},"6":{"start":{"line":14,"column":36},"end":{"line":14,"column":57}},"7":{"start":{"line":21,"column":6},"end":{"line":27,"column":8}},"8":{"start":{"line":22,"column":8},"end":{"line":25,"column":9}},"9":{"start":{"line":23,"column":10},"end":{"line":23,"column":33}},"10":{"start":{"line":24,"column":10},"end":{"line":24,"column":50}},"11":{"start":{"line":26,"column":8},"end":{"line":26,"column":19}},"12":{"start":{"line":30,"column":6},"end":{"line":30,"column":18}}},"fnMap":{"0":{"name":"(anonymous_0)","decl":{"start":{"line":5,"column":16},"end":{"line":5,"column":17}},"loc":{"start":{"line":5,"column":50},"end":{"line":32,"column":1}},"line":5},"1":{"name":"(anonymous_1)","decl":{"start":{"line":14,"column":26},"end":{"line":14,"column":27}},"loc":{"start":{"line":14,"column":36},"end":{"line":14,"column":57}},"line":14},"2":{"name":"(anonymous_2)","decl":{"start":{"line":21,"column":23},"end":{"line":21,"column":24}},"loc":{"start":{"line":21,"column":33},"end":{"line":27,"column":7}},"line":21}},"branchMap":{"0":{"loc":{"start":{"line":5,"column":17},"end":{"line":5,"column":37}},"type":"default-arg","locations":[{"start":{"line":5,"column":25},"end":{"line":5,"column":37}}],"line":5},"1":{"loc":{"start":{"line":6,"column":2},"end":{"line":31,"column":3}},"type":"switch","locations":[{"start":{"line":7,"column":4},"end":{"line":8,"column":24}},{"start":{"line":10,"column":4},"end":{"line":11,"column":36}},{"start":{"line":13,"column":4},"end":{"line":14,"column":58}},{"start":{"line":20,"column":4},"end":{"line":27,"column":8}},{"start":{"line":29,"column":4},"end":{"line":30,"column":18}}],"line":6},"2":{"loc":{"start":{"line":22,"column":8},"end":{"line":25,"column":9}},"type":"if","locations":[{"start":{"line":22,"column":8},"end":{"line":25,"column":9}},{"start":{"line":22,"column":8},"end":{"line":25,"column":9}}],"line":22}},"s":{"0":1,"1":1,"2":5,"3":1,"4":1,"5":1,"6":2,"7":1,"8":2,"9":1,"10":1,"11":2,"12":1},"f":{"0":5,"1":2,"2":2},"b":{"0":[2],"1":[1,1,1,1,1],"2":[1,1]},"_coverageSchema":"1a1c01bbd47fc00a2c39e90264f33305004495a9","hash":"5df40c94c50954a3fa0d966a5c357668f94f1391"}
,"/Users/stuntfan/Dev/EDA/Post_EDA/todo-full-stack/server/server.js": {"path":"/Users/stuntfan/Dev/EDA/Post_EDA/todo-full-stack/server/server.js","statementMap":{"0":{"start":{"line":1,"column":13},"end":{"line":1,"column":28}},"1":{"start":{"line":2,"column":16},"end":{"line":2,"column":34}},"2":{"start":{"line":4,"column":19},"end":{"line":4,"column":44}},"3":{"start":{"line":5,"column":19},"end":{"line":5,"column":43}},"4":{"start":{"line":7,"column":15},"end":{"line":7,"column":24}},"5":{"start":{"line":9,"column":0},"end":{"line":9,"column":26}},"6":{"start":{"line":10,"column":0},"end":{"line":10,"column":36}},"7":{"start":{"line":12,"column":0},"end":{"line":12,"column":33}},"8":{"start":{"line":13,"column":0},"end":{"line":13,"column":35}},"9":{"start":{"line":15,"column":0},"end":{"line":17,"column":2}},"10":{"start":{"line":16,"column":2},"end":{"line":16,"column":66}},"11":{"start":{"line":19,"column":0},"end":{"line":19,"column":23}}},"fnMap":{"0":{"name":"(anonymous_0)","decl":{"start":{"line":15,"column":16},"end":{"line":15,"column":17}},"loc":{"start":{"line":15,"column":36},"end":{"line":17,"column":1}},"line":15}},"branchMap":{},"s":{"0":1,"1":1,"2":1,"3":1,"4":1,"5":1,"6":1,"7":1,"8":1,"9":1,"10":0,"11":1},"f":{"0":0},"b":{},"_coverageSchema":"1a1c01bbd47fc00a2c39e90264f33305004495a9","hash":"5805ffbba2a32c658d45db1a3854f22ab5e6ccf2"}
,"/Users/stuntfan/Dev/EDA/Post_EDA/todo-full-stack/server/db/connection.js": {"path":"/Users/stuntfan/Dev/EDA/Post_EDA/todo-full-stack/server/db/connection.js","statementMap":{"0":{"start":{"line":8,"column":20},"end":{"line":8,"column":57}},"1":{"start":{"line":9,"column":15},"end":{"line":9,"column":49}},"2":{"start":{"line":10,"column":19},"end":{"line":10,"column":42}},"3":{"start":{"line":12,"column":0},"end":{"line":12,"column":27}}},"fnMap":{},"branchMap":{"0":{"loc":{"start":{"line":8,"column":20},"end":{"line":8,"column":57}},"type":"binary-expr","locations":[{"start":{"line":8,"column":20},"end":{"line":8,"column":40}},{"start":{"line":8,"column":44},"end":{"line":8,"column":57}}],"line":8}},"s":{"0":1,"1":1,"2":1,"3":1},"f":{},"b":{"0":[1,0]},"_coverageSchema":"1a1c01bbd47fc00a2c39e90264f33305004495a9","hash":"07a3970972ada599f4cc5db15788dc27cd08a611"}
,"/Users/stuntfan/Dev/EDA/Post_EDA/todo-full-stack/server/db/knexfile.js": {"path":"/Users/stuntfan/Dev/EDA/Post_EDA/todo-full-stack/server/db/knexfile.js","statementMap":{"0":{"start":{"line":2,"column":13},"end":{"line":2,"column":29}},"1":{"start":{"line":3,"column":0},"end":{"line":31,"column":1}}},"fnMap":{},"branchMap":{},"s":{"0":1,"1":1},"f":{},"b":{},"_coverageSchema":"1a1c01bbd47fc00a2c39e90264f33305004495a9","hash":"8526a759345ce4411c86ba7ece746b0944e996dc"}
,"/Users/stuntfan/Dev/EDA/Post_EDA/todo-full-stack/server/db/users.js": {"path":"/Users/stuntfan/Dev/EDA/Post_EDA/todo-full-stack/server/db/users.js","statementMap":{"0":{"start":{"line":1,"column":19},"end":{"line":1,"column":42}},"1":{"start":{"line":2,"column":25},"end":{"line":2,"column":55}},"2":{"start":{"line":4,"column":0},"end":{"line":8,"column":1}},"3":{"start":{"line":11,"column":33},"end":{"line":11,"column":37}},"4":{"start":{"line":12,"column":2},"end":{"line":21,"column":6}},"5":{"start":{"line":14,"column":6},"end":{"line":16,"column":7}},"6":{"start":{"line":15,"column":8},"end":{"line":15,"column":55}},"7":{"start":{"line":18,"column":16},"end":{"line":18,"column":38}},"8":{"start":{"line":20,"column":6},"end":{"line":20,"column":75}},"9":{"start":{"line":25,"column":2},"end":{"line":30,"column":6}},"10":{"start":{"line":29,"column":6},"end":{"line":29,"column":27}},"11":{"start":{"line":34,"column":2},"end":{"line":37,"column":12}}},"fnMap":{"0":{"name":"createUser","decl":{"start":{"line":10,"column":9},"end":{"line":10,"column":19}},"loc":{"start":{"line":10,"column":44},"end":{"line":22,"column":1}},"line":10},"1":{"name":"(anonymous_1)","decl":{"start":{"line":13,"column":10},"end":{"line":13,"column":11}},"loc":{"start":{"line":13,"column":20},"end":{"line":17,"column":5}},"line":13},"2":{"name":"(anonymous_2)","decl":{"start":{"line":18,"column":10},"end":{"line":18,"column":11}},"loc":{"start":{"line":18,"column":16},"end":{"line":18,"column":38}},"line":18},"3":{"name":"(anonymous_3)","decl":{"start":{"line":19,"column":10},"end":{"line":19,"column":11}},"loc":{"start":{"line":19,"column":26},"end":{"line":21,"column":5}},"line":19},"4":{"name":"userExists","decl":{"start":{"line":24,"column":9},"end":{"line":24,"column":19}},"loc":{"start":{"line":24,"column":48},"end":{"line":31,"column":1}},"line":24},"5":{"name":"(anonymous_5)","decl":{"start":{"line":28,"column":10},"end":{"line":28,"column":11}},"loc":{"start":{"line":28,"column":19},"end":{"line":30,"column":5}},"line":28},"6":{"name":"getUserByName","decl":{"start":{"line":33,"column":9},"end":{"line":33,"column":22}},"loc":{"start":{"line":33,"column":51},"end":{"line":38,"column":1}},"line":33}},"branchMap":{"0":{"loc":{"start":{"line":10,"column":27},"end":{"line":10,"column":42}},"type":"default-arg","locations":[{"start":{"line":10,"column":32},"end":{"line":10,"column":42}}],"line":10},"1":{"loc":{"start":{"line":14,"column":6},"end":{"line":16,"column":7}},"type":"if","locations":[{"start":{"line":14,"column":6},"end":{"line":16,"column":7}},{"start":{"line":14,"column":6},"end":{"line":16,"column":7}}],"line":14},"2":{"loc":{"start":{"line":24,"column":31},"end":{"line":24,"column":46}},"type":"default-arg","locations":[{"start":{"line":24,"column":36},"end":{"line":24,"column":46}}],"line":24},"3":{"loc":{"start":{"line":33,"column":34},"end":{"line":33,"column":49}},"type":"default-arg","locations":[{"start":{"line":33,"column":39},"end":{"line":33,"column":49}}],"line":33}},"s":{"0":1,"1":1,"2":1,"3":0,"4":0,"5":0,"6":0,"7":0,"8":0,"9":0,"10":0,"11":0},"f":{"0":0,"1":0,"2":0,"3":0,"4":0,"5":0,"6":0},"b":{"0":[0],"1":[0,0],"2":[0],"3":[0]},"_coverageSchema":"1a1c01bbd47fc00a2c39e90264f33305004495a9","hash":"f64d2a192ea48b94c276132fefcc7968b23bcc10"}
,"/Users/stuntfan/Dev/EDA/Post_EDA/todo-full-stack/server/routes/auth.js": {"path":"/Users/stuntfan/Dev/EDA/Post_EDA/todo-full-stack/server/routes/auth.js","statementMap":{"0":{"start":{"line":1,"column":28},"end":{"line":1,"column":58}},"1":{"start":{"line":3,"column":16},"end":{"line":3,"column":34}},"2":{"start":{"line":9,"column":4},"end":{"line":9,"column":26}},"3":{"start":{"line":11,"column":15},"end":{"line":11,"column":31}},"4":{"start":{"line":13,"column":0},"end":{"line":17,"column":2}},"5":{"start":{"line":19,"column":0},"end":{"line":19,"column":23}}},"fnMap":{},"branchMap":{},"s":{"0":1,"1":1,"2":1,"3":1,"4":1,"5":1},"f":{},"b":{},"_coverageSchema":"1a1c01bbd47fc00a2c39e90264f33305004495a9","hash":"a75c742d790ff398d5ca3d6383242a9bc190ba36"}
,"/Users/stuntfan/Dev/EDA/Post_EDA/todo-full-stack/server/routes/toDos.js": {"path":"/Users/stuntfan/Dev/EDA/Post_EDA/todo-full-stack/server/routes/toDos.js","statementMap":{"0":{"start":{"line":1,"column":16},"end":{"line":1,"column":34}},"1":{"start":{"line":2,"column":15},"end":{"line":2,"column":31}},"2":{"start":{"line":4,"column":11},"end":{"line":4,"column":33}},"3":{"start":{"line":6,"column":0},"end":{"line":15,"column":2}},"4":{"start":{"line":7,"column":2},"end":{"line":14,"column":6}},"5":{"start":{"line":9,"column":6},"end":{"line":9,"column":20}},"6":{"start":{"line":10,"column":6},"end":{"line":10,"column":17}},"7":{"start":{"line":13,"column":6},"end":{"line":13,"column":39}},"8":{"start":{"line":17,"column":0},"end":{"line":30,"column":2}},"9":{"start":{"line":18,"column":18},"end":{"line":18,"column":26}},"10":{"start":{"line":20,"column":2},"end":{"line":29,"column":6}},"11":{"start":{"line":22,"column":6},"end":{"line":22,"column":25}},"12":{"start":{"line":24,"column":6},"end":{"line":24,"column":35}},"13":{"start":{"line":25,"column":6},"end":{"line":25,"column":17}},"14":{"start":{"line":28,"column":6},"end":{"line":28,"column":39}},"15":{"start":{"line":32,"column":0},"end":{"line":44,"column":2}},"16":{"start":{"line":33,"column":13},"end":{"line":33,"column":34}},"17":{"start":{"line":35,"column":2},"end":{"line":35,"column":53}},"18":{"start":{"line":35,"column":27},"end":{"line":35,"column":53}},"19":{"start":{"line":36,"column":2},"end":{"line":43,"column":6}},"20":{"start":{"line":38,"column":6},"end":{"line":38,"column":27}},"21":{"start":{"line":39,"column":6},"end":{"line":39,"column":17}},"22":{"start":{"line":42,"column":6},"end":{"line":42,"column":39}},"23":{"start":{"line":46,"column":0},"end":{"line":62,"column":2}},"24":{"start":{"line":47,"column":13},"end":{"line":47,"column":34}},"25":{"start":{"line":48,"column":22},"end":{"line":51,"column":3}},"26":{"start":{"line":52,"column":2},"end":{"line":61,"column":6}},"27":{"start":{"line":56,"column":6},"end":{"line":56,"column":28}},"28":{"start":{"line":57,"column":6},"end":{"line":57,"column":17}},"29":{"start":{"line":60,"column":6},"end":{"line":60,"column":39}},"30":{"start":{"line":64,"column":0},"end":{"line":64,"column":23}}},"fnMap":{"0":{"name":"(anonymous_0)","decl":{"start":{"line":6,"column":16},"end":{"line":6,"column":17}},"loc":{"start":{"line":6,"column":30},"end":{"line":15,"column":1}},"line":6},"1":{"name":"(anonymous_1)","decl":{"start":{"line":8,"column":10},"end":{"line":8,"column":11}},"loc":{"start":{"line":8,"column":18},"end":{"line":11,"column":5}},"line":8},"2":{"name":"(anonymous_2)","decl":{"start":{"line":12,"column":11},"end":{"line":12,"column":12}},"loc":{"start":{"line":12,"column":18},"end":{"line":14,"column":5}},"line":12},"3":{"name":"(anonymous_3)","decl":{"start":{"line":17,"column":17},"end":{"line":17,"column":18}},"loc":{"start":{"line":17,"column":31},"end":{"line":30,"column":1}},"line":17},"4":{"name":"(anonymous_4)","decl":{"start":{"line":21,"column":10},"end":{"line":21,"column":11}},"loc":{"start":{"line":21,"column":19},"end":{"line":26,"column":5}},"line":21},"5":{"name":"(anonymous_5)","decl":{"start":{"line":27,"column":11},"end":{"line":27,"column":12}},"loc":{"start":{"line":27,"column":18},"end":{"line":29,"column":5}},"line":27},"6":{"name":"(anonymous_6)","decl":{"start":{"line":32,"column":22},"end":{"line":32,"column":23}},"loc":{"start":{"line":32,"column":36},"end":{"line":44,"column":1}},"line":32},"7":{"name":"(anonymous_7)","decl":{"start":{"line":37,"column":10},"end":{"line":37,"column":11}},"loc":{"start":{"line":37,"column":25},"end":{"line":40,"column":5}},"line":37},"8":{"name":"(anonymous_8)","decl":{"start":{"line":41,"column":11},"end":{"line":41,"column":12}},"loc":{"start":{"line":41,"column":18},"end":{"line":43,"column":5}},"line":41},"9":{"name":"(anonymous_9)","decl":{"start":{"line":46,"column":21},"end":{"line":46,"column":22}},"loc":{"start":{"line":46,"column":35},"end":{"line":62,"column":1}},"line":46},"10":{"name":"(anonymous_10)","decl":{"start":{"line":54,"column":10},"end":{"line":54,"column":11}},"loc":{"start":{"line":54,"column":26},"end":{"line":58,"column":5}},"line":54},"11":{"name":"(anonymous_11)","decl":{"start":{"line":59,"column":11},"end":{"line":59,"column":12}},"loc":{"start":{"line":59,"column":18},"end":{"line":61,"column":5}},"line":59}},"branchMap":{"0":{"loc":{"start":{"line":35,"column":2},"end":{"line":35,"column":53}},"type":"if","locations":[{"start":{"line":35,"column":2},"end":{"line":35,"column":53}},{"start":{"line":35,"column":2},"end":{"line":35,"column":53}}],"line":35},"1":{"loc":{"start":{"line":35,"column":6},"end":{"line":35,"column":25}},"type":"binary-expr","locations":[{"start":{"line":35,"column":6},"end":{"line":35,"column":12}},{"start":{"line":35,"column":16},"end":{"line":35,"column":25}}],"line":35}},"s":{"0":1,"1":1,"2":1,"3":1,"4":2,"5":1,"6":1,"7":1,"8":1,"9":1,"10":1,"11":1,"12":1,"13":1,"14":0,"15":1,"16":5,"17":5,"18":3,"19":2,"20":1,"21":1,"22":1,"23":1,"24":0,"25":0,"26":0,"27":0,"28":0,"29":0,"30":1},"f":{"0":2,"1":1,"2":1,"3":1,"4":1,"5":0,"6":5,"7":1,"8":1,"9":0,"10":0,"11":0},"b":{"0":[3,2],"1":[5,3]},"_coverageSchema":"1a1c01bbd47fc00a2c39e90264f33305004495a9","hash":"8a98620cdefe16247c7d34c7b5bb14578123aceb"}
}
