TN:
SF:client/actions/index.js
FN:6,initTask
FN:12,addTask
FN:19,deleteTask
FN:26,updateTask
FNF:4
FNH:2
FNDA:0,initTask
FNDA:1,addTask
FNDA:0,deleteTask
FNDA:1,updateTask
DA:1,2
DA:2,2
DA:3,2
DA:4,2
DA:7,0
DA:13,1
DA:20,0
DA:27,1
LF:8
LH:6
BRF:0
BRH:0
end_of_record
TN:
SF:client/apis/index.js
FN:5,getAllTasks
FN:8,(anonymous_1)
FN:11,apiAddTask
FN:15,(anonymous_3)
FN:18,apiDeleteTask
FN:21,(anonymous_5)
FN:24,apiUpdateTask
FN:28,(anonymous_7)
FNF:8
FNH:4
FNDA:1,getAllTasks
FNDA:1,(anonymous_1)
FNDA:1,apiAddTask
FNDA:1,(anonymous_3)
FNDA:0,apiDeleteTask
FNDA:0,(anonymous_5)
FNDA:0,apiUpdateTask
FNDA:0,(anonymous_7)
DA:3,1
DA:6,1
DA:8,1
DA:12,1
DA:15,1
DA:19,0
DA:21,0
DA:25,0
DA:28,0
LF:9
LH:5
BRF:0
BRH:0
end_of_record
TN:
SF:client/components/AddTodo.jsx
FN:12,(anonymous_0)
FN:17,(anonymous_1)
FN:22,(anonymous_2)
FN:34,(anonymous_3)
FN:39,(anonymous_4)
FNF:5
FNH:4
FNDA:1,(anonymous_0)
FNDA:1,(anonymous_1)
FNDA:1,(anonymous_2)
FNDA:0,(anonymous_3)
FNDA:3,(anonymous_4)
DA:8,1
DA:12,1
DA:14,1
DA:17,1
DA:18,1
DA:20,1
DA:24,1
DA:29,1
DA:31,1
DA:32,1
DA:35,0
DA:40,3
LF:12
LH:11
BRF:0
BRH:0
end_of_record
TN:
SF:client/reducers/tasks.js
FN:5,(anonymous_0)
FN:14,(anonymous_1)
FN:21,(anonymous_2)
FNF:3
FNH:1
FNDA:3,(anonymous_0)
FNDA:0,(anonymous_1)
FNDA:0,(anonymous_2)
DA:3,1
DA:5,1
DA:6,3
DA:8,1
DA:11,1
DA:14,0
DA:21,0
DA:22,0
DA:23,0
DA:24,0
DA:26,0
DA:30,1
LF:12
LH:6
BRDA:5,0,0,2
BRDA:6,1,0,1
BRDA:6,1,1,1
BRDA:6,1,2,0
BRDA:6,1,3,0
BRDA:6,1,4,1
BRDA:22,2,0,0
BRDA:22,2,1,0
BRF:8
BRH:4
end_of_record
TN:
SF:server/server.js
FN:15,(anonymous_0)
FNF:1
FNH:0
FNDA:0,(anonymous_0)
DA:1,1
DA:2,1
DA:4,1
DA:5,1
DA:7,1
DA:9,1
DA:10,1
DA:12,1
DA:13,1
DA:15,1
DA:16,0
DA:19,1
LF:12
LH:11
BRF:0
BRH:0
end_of_record
TN:
SF:server/db/connection.js
FNF:0
FNH:0
DA:8,1
DA:9,1
DA:10,1
DA:12,1
LF:4
LH:4
BRDA:8,0,0,1
BRDA:8,0,1,0
BRF:2
BRH:1
end_of_record
TN:
SF:server/db/knexfile.js
FNF:0
FNH:0
DA:2,1
DA:3,1
LF:2
LH:2
BRF:0
BRH:0
end_of_record
TN:
SF:server/db/users.js
FN:10,createUser
FN:13,(anonymous_1)
FN:18,(anonymous_2)
FN:19,(anonymous_3)
FN:24,userExists
FN:28,(anonymous_5)
FN:33,getUserByName
FNF:7
FNH:0
FNDA:0,createUser
FNDA:0,(anonymous_1)
FNDA:0,(anonymous_2)
FNDA:0,(anonymous_3)
FNDA:0,userExists
FNDA:0,(anonymous_5)
FNDA:0,getUserByName
DA:1,1
DA:2,1
DA:4,1
DA:11,0
DA:12,0
DA:14,0
DA:15,0
DA:18,0
DA:20,0
DA:25,0
DA:29,0
DA:34,0
LF:12
LH:3
BRDA:10,0,0,0
BRDA:14,1,0,0
BRDA:14,1,1,0
BRDA:24,2,0,0
BRDA:33,3,0,0
BRF:5
BRH:0
end_of_record
TN:
SF:server/routes/auth.js
FNF:0
FNH:0
DA:1,1
DA:3,1
DA:9,1
DA:11,1
DA:13,1
DA:19,1
LF:6
LH:6
BRF:0
BRH:0
end_of_record
TN:
SF:server/routes/toDos.js
FN:6,(anonymous_0)
FN:8,(anonymous_1)
FN:12,(anonymous_2)
FN:17,(anonymous_3)
FN:21,(anonymous_4)
FN:27,(anonymous_5)
FN:32,(anonymous_6)
FN:37,(anonymous_7)
FN:41,(anonymous_8)
FN:46,(anonymous_9)
FN:54,(anonymous_10)
FN:59,(anonymous_11)
FNF:12
FNH:8
FNDA:2,(anonymous_0)
FNDA:1,(anonymous_1)
FNDA:1,(anonymous_2)
FNDA:1,(anonymous_3)
FNDA:1,(anonymous_4)
FNDA:0,(anonymous_5)
FNDA:5,(anonymous_6)
FNDA:1,(anonymous_7)
FNDA:1,(anonymous_8)
FNDA:0,(anonymous_9)
FNDA:0,(anonymous_10)
FNDA:0,(anonymous_11)
DA:1,1
DA:2,1
DA:4,1
DA:6,1
DA:7,2
DA:9,1
DA:10,1
DA:13,1
DA:17,1
DA:18,1
DA:20,1
DA:22,1
DA:24,1
DA:25,1
DA:28,0
DA:32,1
DA:33,5
DA:35,5
DA:36,2
DA:38,1
DA:39,1
DA:42,1
DA:46,1
DA:47,0
DA:48,0
DA:52,0
DA:56,0
DA:57,0
DA:60,0
DA:64,1
LF:30
LH:23
BRDA:35,0,0,3
BRDA:35,0,1,2
BRDA:35,1,0,5
BRDA:35,1,1,3
BRF:4
BRH:4
end_of_record
